<?xml version="1.0" encoding="UTF-8"?>
<!-- Generated by org.testng.reporters.JUnitReportReporter -->
<testsuite hostname="Shaktis-MacBook-Air.local" failures="0" tests="2" name="com.crm.qa.testcases.LoginPageTest" time="34.448" errors="0" timestamp="3 Jul 2023 15:07:43 GMT">
  <testcase classname="com.crm.qa.testcases.LoginPageTest" name="loginPageValidityTest" time="7.641"/>
  <testcase classname="com.crm.qa.testcases.LoginPageTest" name="loginTest" time="26.807"/>
</testsuite> <!-- com.crm.qa.testcases.LoginPageTest -->
